2025-10-07 11:23:56 +00:00: ============================================================
2025-10-07 11:23:56 +00:00: CliqueAI GPU Worker Service
2025-10-07 11:23:56 +00:00: ============================================================
2025-10-07 11:23:56 +00:00: Time limit per computation: 3.0s
2025-10-07 11:23:56 +00:00: Batch size per GPU: 2048
2025-10-07 11:23:56 +00:00: 
2025-10-07 11:23:56 +00:00: Worker initialized with 1 GPU(s)
2025-10-07 11:23:56 +00:00: ✓ Worker initialized successfully
2025-10-07 11:23:56 +00:00: ✓ Cache TTL: 60 seconds
2025-10-07 11:23:56 +00:00: ✓ Returns top 20 solutions per computation
2025-10-07 11:23:56 +00:00: 
2025-10-07 11:23:56 +00:00: Worker is ready and waiting for requests...
2025-10-07 11:23:56 +00:00: Press Ctrl+C to stop
2025-10-07 11:23:56 +00:00: ============================================================
2025-10-07 11:23:56 +00:00: 
2025-10-07 11:28:26 +00:00: 
2025-10-07 11:28:26 +00:00: 
2025-10-07 11:28:26 +00:00: Shutting down worker service...
2025-10-07 11:28:26 +00:00: Goodbye!
2025-10-07 11:28:28 +00:00: ============================================================
2025-10-07 11:28:28 +00:00: CliqueAI GPU Worker Service
2025-10-07 11:28:28 +00:00: ============================================================
2025-10-07 11:28:28 +00:00: Time limit per computation: 3.0s
2025-10-07 11:28:28 +00:00: Batch size per GPU: 2048
2025-10-07 11:28:28 +00:00: 
2025-10-07 11:28:28 +00:00: Worker initialized with 1 GPU(s)
2025-10-07 11:28:28 +00:00: ✓ Worker initialized successfully
2025-10-07 11:28:28 +00:00: ✓ Cache TTL: 60 seconds
2025-10-07 11:28:28 +00:00: ✓ Returns top 20 solutions per computation
2025-10-07 11:28:28 +00:00: 
2025-10-07 11:28:28 +00:00: Worker is ready and waiting for requests...
2025-10-07 11:28:28 +00:00: Press Ctrl+C to stop
2025-10-07 11:28:28 +00:00: ============================================================
2025-10-07 11:28:28 +00:00: 
2025-10-07 11:28:40 +00:00: 
2025-10-07 11:28:40 +00:00: 
2025-10-07 11:28:40 +00:00: Shutting down worker service...
2025-10-07 11:28:40 +00:00: Goodbye!
2025-10-07 11:28:42 +00:00: ============================================================
2025-10-07 11:28:42 +00:00: CliqueAI GPU Worker Service
2025-10-07 11:28:42 +00:00: ============================================================
2025-10-07 11:28:42 +00:00: Time limit per computation: 3.0s
2025-10-07 11:28:42 +00:00: Batch size per GPU: 2048
2025-10-07 11:28:42 +00:00: 
2025-10-07 11:28:42 +00:00: Worker initialized with 1 GPU(s)
2025-10-07 11:28:42 +00:00: ✓ Worker initialized successfully
2025-10-07 11:28:42 +00:00: ✓ Cache TTL: 60 seconds
2025-10-07 11:28:42 +00:00: ✓ Returns top 20 solutions per computation
2025-10-07 11:28:42 +00:00: 
2025-10-07 11:28:42 +00:00: Worker is ready and waiting for requests...
2025-10-07 11:28:42 +00:00: Press Ctrl+C to stop
2025-10-07 11:28:42 +00:00: ============================================================
2025-10-07 11:28:42 +00:00: 
2025-10-07 11:35:19 +00:00: 
2025-10-07 11:35:19 +00:00: 
2025-10-07 11:35:19 +00:00: Shutting down worker service...
2025-10-07 11:35:19 +00:00: Goodbye!
2025-10-07 11:35:21 +00:00: ============================================================
2025-10-07 11:35:21 +00:00: CliqueAI GPU Worker Service
2025-10-07 11:35:21 +00:00: ============================================================
2025-10-07 11:35:21 +00:00: Time limit per computation: 3.0s
2025-10-07 11:35:21 +00:00: Batch size per GPU: 2048
2025-10-07 11:35:21 +00:00: 
2025-10-07 11:35:21 +00:00: Worker initialized with 1 GPU(s)
2025-10-07 11:35:21 +00:00: ✓ Worker initialized successfully
2025-10-07 11:35:21 +00:00: ✓ Cache TTL: 60 seconds
2025-10-07 11:35:21 +00:00: ✓ Returns top 20 solutions per computation
2025-10-07 11:35:21 +00:00: 
2025-10-07 11:35:21 +00:00: Worker is ready and waiting for requests...
2025-10-07 11:35:21 +00:00: Press Ctrl+C to stop
2025-10-07 11:35:21 +00:00: ============================================================
2025-10-07 11:35:21 +00:00: 
2025-10-07 11:38:23 +00:00: 
2025-10-07 11:38:23 +00:00: 
2025-10-07 11:38:23 +00:00: Shutting down worker service...
2025-10-07 11:38:23 +00:00: Goodbye!
2025-10-07 11:38:26 +00:00: ============================================================
2025-10-07 11:38:26 +00:00: CliqueAI GPU Worker Service
2025-10-07 11:38:26 +00:00: ============================================================
2025-10-07 11:38:26 +00:00: Time limit per computation: 3.0s
2025-10-07 11:38:26 +00:00: Batch size per GPU: 2048
2025-10-07 11:38:26 +00:00: 
2025-10-07 11:38:26 +00:00: Worker initialized with 1 GPU(s)
2025-10-07 11:38:26 +00:00: ✓ Worker initialized successfully
2025-10-07 11:38:26 +00:00: ✓ Cache TTL: 60 seconds
2025-10-07 11:38:26 +00:00: ✓ Returns top 20 solutions per computation
2025-10-07 11:38:26 +00:00: 
2025-10-07 11:38:26 +00:00: Worker is ready and waiting for requests...
2025-10-07 11:38:26 +00:00: Press Ctrl+C to stop
2025-10-07 11:38:26 +00:00: ============================================================
2025-10-07 11:38:26 +00:00: 
2025-10-07 11:40:43 +00:00: 
2025-10-07 11:40:43 +00:00: 
2025-10-07 11:40:43 +00:00: Shutting down worker service...
2025-10-07 11:40:43 +00:00: Goodbye!
2025-10-07 11:40:45 +00:00: ============================================================
2025-10-07 11:40:45 +00:00: CliqueAI GPU Worker Service
2025-10-07 11:40:45 +00:00: ============================================================
2025-10-07 11:40:45 +00:00: Time limit per computation: 3.0s
2025-10-07 11:40:45 +00:00: Batch size per GPU: 2048
2025-10-07 11:40:45 +00:00: 
2025-10-07 11:40:45 +00:00: Worker initialized with 1 GPU(s)
2025-10-07 11:40:45 +00:00: ✓ Worker initialized successfully
2025-10-07 11:40:45 +00:00: ✓ Cache TTL: 60 seconds
2025-10-07 11:40:45 +00:00: ✓ Returns top 20 solutions per computation
2025-10-07 11:40:45 +00:00: 
2025-10-07 11:40:45 +00:00: Worker is ready and waiting for requests...
2025-10-07 11:40:45 +00:00: Press Ctrl+C to stop
2025-10-07 11:40:45 +00:00: ============================================================
2025-10-07 11:40:45 +00:00: 
2025-10-07 11:43:18 +00:00: 
2025-10-07 11:43:18 +00:00: 
2025-10-07 11:43:18 +00:00: Shutting down worker service...
2025-10-07 11:43:18 +00:00: Goodbye!
2025-10-07 11:43:21 +00:00: ============================================================
2025-10-07 11:43:21 +00:00: CliqueAI GPU Worker Service
2025-10-07 11:43:21 +00:00: ============================================================
2025-10-07 11:43:21 +00:00: Time limit per computation: 3.0s
2025-10-07 11:43:21 +00:00: Batch size per GPU: 2048
2025-10-07 11:43:21 +00:00: 
2025-10-07 11:43:21 +00:00: Worker initialized with 1 GPU(s)
2025-10-07 11:43:21 +00:00: ✓ Worker initialized successfully
2025-10-07 11:43:21 +00:00: ✓ Cache TTL: 60 seconds
2025-10-07 11:43:21 +00:00: ✓ Returns top 20 solutions per computation
2025-10-07 11:43:21 +00:00: 
2025-10-07 11:43:21 +00:00: Worker is ready and waiting for requests...
2025-10-07 11:43:21 +00:00: Press Ctrl+C to stop
2025-10-07 11:43:21 +00:00: ============================================================
2025-10-07 11:43:21 +00:00: 
2025-10-07 11:44:35 +00:00: 
2025-10-07 11:44:35 +00:00: 
2025-10-07 11:44:35 +00:00: Shutting down worker service...
2025-10-07 11:44:35 +00:00: Goodbye!
2025-10-07 11:44:38 +00:00: ============================================================
2025-10-07 11:44:38 +00:00: CliqueAI GPU Worker Service
2025-10-07 11:44:38 +00:00: ============================================================
2025-10-07 11:44:38 +00:00: Time limit per computation: 3.0s
2025-10-07 11:44:38 +00:00: Batch size per GPU: 2048
2025-10-07 11:44:38 +00:00: 
2025-10-07 11:44:38 +00:00: Worker initialized with 1 GPU(s)
2025-10-07 11:44:38 +00:00: ✓ Worker initialized successfully
2025-10-07 11:44:38 +00:00: ✓ Cache TTL: 60 seconds
2025-10-07 11:44:38 +00:00: ✓ Returns top 20 solutions per computation
2025-10-07 11:44:38 +00:00: 
2025-10-07 11:44:38 +00:00: Worker is ready and waiting for requests...
2025-10-07 11:44:38 +00:00: Press Ctrl+C to stop
2025-10-07 11:44:38 +00:00: ============================================================
2025-10-07 11:44:38 +00:00: 
2025-10-07 11:48:30 +00:00: 
2025-10-07 11:48:30 +00:00: 
2025-10-07 11:48:30 +00:00: Shutting down worker service...
2025-10-07 11:48:30 +00:00: Goodbye!
2025-10-07 11:48:32 +00:00: ============================================================
2025-10-07 11:48:32 +00:00: CliqueAI GPU Worker Service
2025-10-07 11:48:32 +00:00: ============================================================
2025-10-07 11:48:32 +00:00: Time limit per computation: 3.0s
2025-10-07 11:48:32 +00:00: Batch size per GPU: 2048
2025-10-07 11:48:32 +00:00: 
2025-10-07 11:48:32 +00:00: Worker initialized with 1 GPU(s)
2025-10-07 11:48:32 +00:00: ✓ Worker initialized successfully
2025-10-07 11:48:32 +00:00: ✓ Cache TTL: 60 seconds
2025-10-07 11:48:32 +00:00: ✓ Returns top 20 solutions per computation
2025-10-07 11:48:32 +00:00: 
2025-10-07 11:48:32 +00:00: Worker is ready and waiting for requests...
2025-10-07 11:48:32 +00:00: Press Ctrl+C to stop
2025-10-07 11:48:32 +00:00: ============================================================
2025-10-07 11:48:32 +00:00: 
2025-10-07 11:50:38 +00:00: 
2025-10-07 11:50:38 +00:00: 
2025-10-07 11:50:38 +00:00: Shutting down worker service...
2025-10-07 11:50:38 +00:00: Goodbye!
2025-10-07 11:50:40 +00:00: ============================================================
2025-10-07 11:50:40 +00:00: CliqueAI GPU Worker Service
2025-10-07 11:50:40 +00:00: ============================================================
2025-10-07 11:50:40 +00:00: Time limit per computation: 3.0s
2025-10-07 11:50:40 +00:00: Batch size per GPU: 2048
2025-10-07 11:50:40 +00:00: 
2025-10-07 11:50:41 +00:00: Worker initialized with 1 GPU(s)
2025-10-07 11:50:41 +00:00: ✓ Worker initialized successfully
2025-10-07 11:50:41 +00:00: ✓ Cache TTL: 60 seconds
2025-10-07 11:50:41 +00:00: ✓ Returns top 20 solutions per computation
2025-10-07 11:50:41 +00:00: 
2025-10-07 11:50:41 +00:00: Worker is ready and waiting for requests...
2025-10-07 11:50:41 +00:00: Press Ctrl+C to stop
2025-10-07 11:50:41 +00:00: ============================================================
2025-10-07 11:50:41 +00:00: 
2025-10-07 11:55:18 +00:00: 
2025-10-07 11:55:18 +00:00: 
2025-10-07 11:55:18 +00:00: Shutting down worker service...
2025-10-07 11:55:18 +00:00: Goodbye!
2025-10-07 11:55:21 +00:00: ============================================================
2025-10-07 11:55:21 +00:00: CliqueAI GPU Worker Service
2025-10-07 11:55:21 +00:00: ============================================================
2025-10-07 11:55:21 +00:00: Time limit per computation: 3.0s
2025-10-07 11:55:21 +00:00: Batch size per GPU: 2048
2025-10-07 11:55:21 +00:00: 
2025-10-07 11:55:21 +00:00: Worker initialized with 1 GPU(s)
2025-10-07 11:55:21 +00:00: ✓ Worker initialized successfully
2025-10-07 11:55:21 +00:00: ✓ Cache TTL: 60 seconds
2025-10-07 11:55:21 +00:00: ✓ Returns top 20 solutions per computation
2025-10-07 11:55:21 +00:00: 
2025-10-07 11:55:21 +00:00: Worker is ready and waiting for requests...
2025-10-07 11:55:21 +00:00: Press Ctrl+C to stop
2025-10-07 11:55:21 +00:00: ============================================================
2025-10-07 11:55:21 +00:00: 
2025-10-07 11:57:23 +00:00: 
2025-10-07 11:57:23 +00:00: 
2025-10-07 11:57:23 +00:00: Shutting down worker service...
2025-10-07 11:57:23 +00:00: Goodbye!
2025-10-07 11:57:26 +00:00: ============================================================
2025-10-07 11:57:26 +00:00: CliqueAI GPU Worker Service
2025-10-07 11:57:26 +00:00: ============================================================
2025-10-07 11:57:26 +00:00: Time limit per computation: 3.0s
2025-10-07 11:57:26 +00:00: Batch size per GPU: 2048
2025-10-07 11:57:26 +00:00: 
2025-10-07 11:57:26 +00:00: Worker initialized with 1 GPU(s)
2025-10-07 11:57:26 +00:00: ✓ Worker initialized successfully
2025-10-07 11:57:26 +00:00: ✓ Cache TTL: 60 seconds
2025-10-07 11:57:26 +00:00: ✓ Returns top 20 solutions per computation
2025-10-07 11:57:26 +00:00: 
2025-10-07 11:57:26 +00:00: Worker is ready and waiting for requests...
2025-10-07 11:57:26 +00:00: Press Ctrl+C to stop
2025-10-07 11:57:26 +00:00: ============================================================
2025-10-07 11:57:26 +00:00: 
2025-10-07 12:01:07 +00:00: 
2025-10-07 12:01:07 +00:00: 
2025-10-07 12:01:07 +00:00: Shutting down worker service...
2025-10-07 12:01:07 +00:00: Goodbye!
2025-10-07 12:01:10 +00:00: ============================================================
2025-10-07 12:01:10 +00:00: CliqueAI GPU Worker Service
2025-10-07 12:01:10 +00:00: ============================================================
2025-10-07 12:01:10 +00:00: Time limit per computation: 3.0s
2025-10-07 12:01:10 +00:00: Batch size per GPU: 2048
2025-10-07 12:01:10 +00:00: 
2025-10-07 12:01:10 +00:00: Worker initialized with 1 GPU(s)
2025-10-07 12:01:10 +00:00: ✓ Worker initialized successfully
2025-10-07 12:01:10 +00:00: ✓ Cache TTL: 60 seconds
2025-10-07 12:01:10 +00:00: ✓ Returns top 20 solutions per computation
2025-10-07 12:01:10 +00:00: 
2025-10-07 12:01:10 +00:00: Worker is ready and waiting for requests...
2025-10-07 12:01:10 +00:00: Press Ctrl+C to stop
2025-10-07 12:01:10 +00:00: ============================================================
2025-10-07 12:01:10 +00:00: 
2025-10-07 12:06:15 +00:00: 
2025-10-07 12:06:15 +00:00: 
2025-10-07 12:06:15 +00:00: Shutting down worker service...
2025-10-07 12:06:15 +00:00: Goodbye!
2025-10-07 12:06:18 +00:00: ============================================================
2025-10-07 12:06:18 +00:00: CliqueAI GPU Worker Service
2025-10-07 12:06:18 +00:00: ============================================================
2025-10-07 12:06:18 +00:00: Time limit per computation: 3.0s
2025-10-07 12:06:18 +00:00: Batch size per GPU: 2048
2025-10-07 12:06:18 +00:00: 
2025-10-07 12:06:18 +00:00: Worker initialized with 1 GPU(s)
2025-10-07 12:06:18 +00:00: ✓ Worker initialized successfully
2025-10-07 12:06:18 +00:00: ✓ Cache TTL: 60 seconds
2025-10-07 12:06:18 +00:00: ✓ Returns top 20 solutions per computation
2025-10-07 12:06:18 +00:00: 
2025-10-07 12:06:18 +00:00: Worker is ready and waiting for requests...
2025-10-07 12:06:18 +00:00: Press Ctrl+C to stop
2025-10-07 12:06:18 +00:00: ============================================================
2025-10-07 12:06:18 +00:00: 
